2019/02/21 13:21:37 [error] [exception.CHttpException.404] CHttpException: Unable to resolve the request "user". in /data/www/yii/framework/web/CWebApplication.php:286
Stack trace:
#0 /data/www/yii/framework/web/CWebApplication.php(141): CWebApplication->runController('user')
#1 /data/www/yii/framework/base/CApplication.php(185): CWebApplication->processRequest()
#2 /data/www/pdv/index.php(13): CApplication->run()
#3 {main}
REQUEST_URI=/pdv/index.php?r=user
---
2019/02/21 13:23:46 [error] [exception.CHttpException.404] CHttpException: The system is unable to find the requested action "user". in /data/www/yii/framework/web/CController.php:486
Stack trace:
#0 /data/www/yii/framework/web/CController.php(270): CController->missingAction('user')
#1 /data/www/yii/framework/web/CWebApplication.php(282): CController->run('user')
#2 /data/www/yii/framework/web/CWebApplication.php(141): CWebApplication->runController('site/user')
#3 /data/www/yii/framework/base/CApplication.php(185): CWebApplication->processRequest()
#4 /data/www/pdv/index.php(13): CApplication->run()
#5 {main}
REQUEST_URI=/pdv/index.php?r=site/user
---
2019/02/21 13:44:25 [error] [exception.CHttpException.404] CHttpException: The system is unable to find the requested action "categoria". in /data/www/yii/framework/web/CController.php:486
Stack trace:
#0 /data/www/yii/framework/web/CController.php(270): CController->missingAction('categoria')
#1 /data/www/yii/framework/web/CWebApplication.php(282): CController->run('categoria')
#2 /data/www/yii/framework/web/CWebApplication.php(141): CWebApplication->runController('site/categoria')
#3 /data/www/yii/framework/base/CApplication.php(185): CWebApplication->processRequest()
#4 /data/www/pdv/index.php(13): CApplication->run()
#5 {main}
REQUEST_URI=/pdv/index.php?r=site/categoria
---
2019/02/21 13:44:31 [error] [exception.CHttpException.404] CHttpException: The system is unable to find the requested action "user". in /data/www/yii/framework/web/CController.php:486
Stack trace:
#0 /data/www/yii/framework/web/CController.php(270): CController->missingAction('user')
#1 /data/www/yii/framework/web/CWebApplication.php(282): CController->run('user')
#2 /data/www/yii/framework/web/CWebApplication.php(141): CWebApplication->runController('site/user')
#3 /data/www/yii/framework/base/CApplication.php(185): CWebApplication->processRequest()
#4 /data/www/pdv/index.php(13): CApplication->run()
#5 {main}
REQUEST_URI=/pdv/index.php?r=site/user
---
2019/02/21 13:46:06 [error] [exception.CHttpException.404] CHttpException: The system is unable to find the requested action "produto". in /data/www/yii/framework/web/CController.php:486
Stack trace:
#0 /data/www/yii/framework/web/CController.php(270): CController->missingAction('produto')
#1 /data/www/yii/framework/web/CWebApplication.php(282): CController->run('produto')
#2 /data/www/yii/framework/web/CWebApplication.php(141): CWebApplication->runController('venda/produto')
#3 /data/www/yii/framework/base/CApplication.php(185): CWebApplication->processRequest()
#4 /data/www/pdv/index.php(13): CApplication->run()
#5 {main}
REQUEST_URI=/pdv/index.php?r=venda/produto
---
2019/02/21 13:54:28 [error] [exception.CHttpException.404] CHttpException: Unable to resolve the request "celular/create". in /data/www/yii/framework/web/CWebApplication.php:286
Stack trace:
#0 /data/www/yii/framework/web/CWebApplication.php(141): CWebApplication->runController('celular/create')
#1 /data/www/yii/framework/base/CApplication.php(185): CWebApplication->processRequest()
#2 /data/www/pdv/index.php(13): CApplication->run()
#3 {main}
REQUEST_URI=/pdv/index.php?r=celular/create
---
2019/02/21 14:15:50 [error] [exception.CHttpException.404] CHttpException: Unable to resolve the request "produtp/create". in /data/www/yii/framework/web/CWebApplication.php:286
Stack trace:
#0 /data/www/yii/framework/web/CWebApplication.php(141): CWebApplication->runController('produtp/create')
#1 /data/www/yii/framework/base/CApplication.php(185): CWebApplication->processRequest()
#2 /data/www/pdv/index.php(13): CApplication->run()
#3 {main}
REQUEST_URI=/pdv/index.php?r=produtp/create
---
2019/02/21 14:29:19 [error] [php] Undefined variable: cateoria (/data/www/pdv/protected/views/produto/_form.php:37)
Stack trace:
#0 /data/www/yii/framework/web/CController.php(872): ProdutoController->renderFile()
#1 /data/www/pdv/protected/views/produto/create.php(18): ProdutoController->renderPartial()
#2 /data/www/yii/framework/web/CBaseController.php(126): require()
#3 /data/www/yii/framework/web/CBaseController.php(95): ProdutoController->renderInternal()
#4 /data/www/yii/framework/web/CController.php(872): ProdutoController->renderFile()
#5 /data/www/yii/framework/web/CController.php(785): ProdutoController->renderPartial()
#6 /data/www/pdv/protected/controllers/ProdutoController.php(78): ProdutoController->render()
#7 /data/www/yii/framework/web/actions/CInlineAction.php(49): ProdutoController->actionCreate()
#8 /data/www/yii/framework/web/CController.php(308): CInlineAction->runWithParams()
#9 /data/www/yii/framework/web/filters/CFilterChain.php(134): ProdutoController->runAction()
#10 /data/www/yii/framework/web/filters/CFilter.php(40): CFilterChain->run()
#11 /data/www/yii/framework/web/CController.php(1148): CAccessControlFilter->filter()
#12 /data/www/yii/framework/web/filters/CInlineFilter.php(58): ProdutoController->filterAccessControl()
#13 /data/www/yii/framework/web/filters/CFilterChain.php(131): CInlineFilter->filter()
#14 /data/www/yii/framework/web/CController.php(291): CFilterChain->run()
#15 /data/www/yii/framework/web/CController.php(265): ProdutoController->runActionWithFilters()
#16 /data/www/yii/framework/web/CWebApplication.php(282): ProdutoController->run()
#17 /data/www/yii/framework/web/CWebApplication.php(141): CWebApplication->runController()
#18 /data/www/yii/framework/base/CApplication.php(185): CWebApplication->processRequest()
#19 /data/www/pdv/index.php(13): CWebApplication->run()
REQUEST_URI=/pdv/index.php?r=produto/create
in /data/www/pdv/protected/views/produto/_form.php (37)
in /data/www/pdv/protected/views/produto/create.php (18)
in /data/www/pdv/protected/controllers/ProdutoController.php (78)
2019/02/21 14:29:26 [error] [php] strlen() expects parameter 1 to be string, array given (/data/www/pdv/protected/views/produto/_form.php:37)
Stack trace:
#0 /data/www/yii/framework/web/CController.php(872): ProdutoController->renderFile()
#1 /data/www/pdv/protected/views/produto/create.php(18): ProdutoController->renderPartial()
#2 /data/www/yii/framework/web/CBaseController.php(126): require()
#3 /data/www/yii/framework/web/CBaseController.php(95): ProdutoController->renderInternal()
#4 /data/www/yii/framework/web/CController.php(872): ProdutoController->renderFile()
#5 /data/www/yii/framework/web/CController.php(785): ProdutoController->renderPartial()
#6 /data/www/pdv/protected/controllers/ProdutoController.php(78): ProdutoController->render()
#7 /data/www/yii/framework/web/actions/CInlineAction.php(49): ProdutoController->actionCreate()
#8 /data/www/yii/framework/web/CController.php(308): CInlineAction->runWithParams()
#9 /data/www/yii/framework/web/filters/CFilterChain.php(134): ProdutoController->runAction()
#10 /data/www/yii/framework/web/filters/CFilter.php(40): CFilterChain->run()
#11 /data/www/yii/framework/web/CController.php(1148): CAccessControlFilter->filter()
#12 /data/www/yii/framework/web/filters/CInlineFilter.php(58): ProdutoController->filterAccessControl()
#13 /data/www/yii/framework/web/filters/CFilterChain.php(131): CInlineFilter->filter()
#14 /data/www/yii/framework/web/CController.php(291): CFilterChain->run()
#15 /data/www/yii/framework/web/CController.php(265): ProdutoController->runActionWithFilters()
#16 /data/www/yii/framework/web/CWebApplication.php(282): ProdutoController->run()
#17 /data/www/yii/framework/web/CWebApplication.php(141): CWebApplication->runController()
#18 /data/www/yii/framework/base/CApplication.php(185): CWebApplication->processRequest()
#19 /data/www/pdv/index.php(13): CWebApplication->run()
REQUEST_URI=/pdv/index.php?r=produto/create
in /data/www/pdv/protected/views/produto/_form.php (37)
in /data/www/pdv/protected/views/produto/create.php (18)
in /data/www/pdv/protected/controllers/ProdutoController.php (78)
2019/02/21 14:29:42 [error] [php] Undefined index: nome (/data/www/pdv/protected/views/produto/_form.php:37)
Stack trace:
#0 /data/www/yii/framework/web/CController.php(872): ProdutoController->renderFile()
#1 /data/www/pdv/protected/views/produto/create.php(18): ProdutoController->renderPartial()
#2 /data/www/yii/framework/web/CBaseController.php(126): require()
#3 /data/www/yii/framework/web/CBaseController.php(95): ProdutoController->renderInternal()
#4 /data/www/yii/framework/web/CController.php(872): ProdutoController->renderFile()
#5 /data/www/yii/framework/web/CController.php(785): ProdutoController->renderPartial()
#6 /data/www/pdv/protected/controllers/ProdutoController.php(78): ProdutoController->render()
#7 /data/www/yii/framework/web/actions/CInlineAction.php(49): ProdutoController->actionCreate()
#8 /data/www/yii/framework/web/CController.php(308): CInlineAction->runWithParams()
#9 /data/www/yii/framework/web/filters/CFilterChain.php(134): ProdutoController->runAction()
#10 /data/www/yii/framework/web/filters/CFilter.php(40): CFilterChain->run()
#11 /data/www/yii/framework/web/CController.php(1148): CAccessControlFilter->filter()
#12 /data/www/yii/framework/web/filters/CInlineFilter.php(58): ProdutoController->filterAccessControl()
#13 /data/www/yii/framework/web/filters/CFilterChain.php(131): CInlineFilter->filter()
#14 /data/www/yii/framework/web/CController.php(291): CFilterChain->run()
#15 /data/www/yii/framework/web/CController.php(265): ProdutoController->runActionWithFilters()
#16 /data/www/yii/framework/web/CWebApplication.php(282): ProdutoController->run()
#17 /data/www/yii/framework/web/CWebApplication.php(141): CWebApplication->runController()
#18 /data/www/yii/framework/base/CApplication.php(185): CWebApplication->processRequest()
#19 /data/www/pdv/index.php(13): CWebApplication->run()
REQUEST_URI=/pdv/index.php?r=produto/create
in /data/www/pdv/protected/views/produto/_form.php (37)
in /data/www/pdv/protected/views/produto/create.php (18)
in /data/www/pdv/protected/controllers/ProdutoController.php (78)
2019/02/21 14:30:01 [error] [php] Undefined index: nome (/data/www/pdv/protected/views/produto/_form.php:37)
Stack trace:
#0 /data/www/yii/framework/web/CController.php(872): ProdutoController->renderFile()
#1 /data/www/pdv/protected/views/produto/create.php(18): ProdutoController->renderPartial()
#2 /data/www/yii/framework/web/CBaseController.php(126): require()
#3 /data/www/yii/framework/web/CBaseController.php(95): ProdutoController->renderInternal()
#4 /data/www/yii/framework/web/CController.php(872): ProdutoController->renderFile()
#5 /data/www/yii/framework/web/CController.php(785): ProdutoController->renderPartial()
#6 /data/www/pdv/protected/controllers/ProdutoController.php(78): ProdutoController->render()
#7 /data/www/yii/framework/web/actions/CInlineAction.php(49): ProdutoController->actionCreate()
#8 /data/www/yii/framework/web/CController.php(308): CInlineAction->runWithParams()
#9 /data/www/yii/framework/web/filters/CFilterChain.php(134): ProdutoController->runAction()
#10 /data/www/yii/framework/web/filters/CFilter.php(40): CFilterChain->run()
#11 /data/www/yii/framework/web/CController.php(1148): CAccessControlFilter->filter()
#12 /data/www/yii/framework/web/filters/CInlineFilter.php(58): ProdutoController->filterAccessControl()
#13 /data/www/yii/framework/web/filters/CFilterChain.php(131): CInlineFilter->filter()
#14 /data/www/yii/framework/web/CController.php(291): CFilterChain->run()
#15 /data/www/yii/framework/web/CController.php(265): ProdutoController->runActionWithFilters()
#16 /data/www/yii/framework/web/CWebApplication.php(282): ProdutoController->run()
#17 /data/www/yii/framework/web/CWebApplication.php(141): CWebApplication->runController()
#18 /data/www/yii/framework/base/CApplication.php(185): CWebApplication->processRequest()
#19 /data/www/pdv/index.php(13): CWebApplication->run()
REQUEST_URI=/pdv/index.php?r=produto/create
in /data/www/pdv/protected/views/produto/_form.php (37)
in /data/www/pdv/protected/views/produto/create.php (18)
in /data/www/pdv/protected/controllers/ProdutoController.php (78)
2019/02/21 14:30:12 [error] [php] strlen() expects parameter 1 to be string, array given (/data/www/pdv/protected/views/produto/_form.php:37)
Stack trace:
#0 /data/www/yii/framework/web/CController.php(872): ProdutoController->renderFile()
#1 /data/www/pdv/protected/views/produto/create.php(18): ProdutoController->renderPartial()
#2 /data/www/yii/framework/web/CBaseController.php(126): require()
#3 /data/www/yii/framework/web/CBaseController.php(95): ProdutoController->renderInternal()
#4 /data/www/yii/framework/web/CController.php(872): ProdutoController->renderFile()
#5 /data/www/yii/framework/web/CController.php(785): ProdutoController->renderPartial()
#6 /data/www/pdv/protected/controllers/ProdutoController.php(78): ProdutoController->render()
#7 /data/www/yii/framework/web/actions/CInlineAction.php(49): ProdutoController->actionCreate()
#8 /data/www/yii/framework/web/CController.php(308): CInlineAction->runWithParams()
#9 /data/www/yii/framework/web/filters/CFilterChain.php(134): ProdutoController->runAction()
#10 /data/www/yii/framework/web/filters/CFilter.php(40): CFilterChain->run()
#11 /data/www/yii/framework/web/CController.php(1148): CAccessControlFilter->filter()
#12 /data/www/yii/framework/web/filters/CInlineFilter.php(58): ProdutoController->filterAccessControl()
#13 /data/www/yii/framework/web/filters/CFilterChain.php(131): CInlineFilter->filter()
#14 /data/www/yii/framework/web/CController.php(291): CFilterChain->run()
#15 /data/www/yii/framework/web/CController.php(265): ProdutoController->runActionWithFilters()
#16 /data/www/yii/framework/web/CWebApplication.php(282): ProdutoController->run()
#17 /data/www/yii/framework/web/CWebApplication.php(141): CWebApplication->runController()
#18 /data/www/yii/framework/base/CApplication.php(185): CWebApplication->processRequest()
#19 /data/www/pdv/index.php(13): CWebApplication->run()
REQUEST_URI=/pdv/index.php?r=produto/create
in /data/www/pdv/protected/views/produto/_form.php (37)
in /data/www/pdv/protected/views/produto/create.php (18)
in /data/www/pdv/protected/controllers/ProdutoController.php (78)
2019/02/21 16:27:49 [error] [exception.CException] CException: Property "Venda.produto_id" is not defined. in /data/www/yii/framework/base/CComponent.php:130
Stack trace:
#0 /data/www/yii/framework/db/ar/CActiveRecord.php(145): CComponent->__get('produto_id')
#1 /data/www/yii/framework/web/helpers/CHtml.php(2760): CActiveRecord->__get('produto_id')
#2 /data/www/yii/framework/web/helpers/CHtml.php(1994): CHtml::resolveValue(Object(Venda), 'produto_id')
#3 /data/www/yii/framework/web/widgets/CActiveForm.php(914): CHtml::activeDropDownList(Object(Venda), 'produto_id', Array, Array)
#4 /data/www/pdv/protected/views/venda/_form.php(36): CActiveForm->dropDownList(Object(Venda), 'produto_id', Array, Array)
#5 /data/www/yii/framework/web/CBaseController.php(126): require('/data/www/pdv/p...')
#6 /data/www/yii/framework/web/CBaseController.php(95): CBaseController->renderInternal('/data/www/pdv/p...', Array, true)
#7 /data/www/yii/framework/web/CController.php(872): CBaseController->renderFile('/data/www/pdv/p...', Array, true)
#8 /data/www/pdv/protected/views/venda/create.php(18): CController->renderPartial('_form', Array)
#9 /data/www/yii/framework/web/CBaseController.php(126): require('/data/www/pdv/p...')
#10 /data/www/yii/framework/web/CBaseController.php(95): CBaseController->renderInternal('/data/www/pdv/p...', Array, true)
#11 /data/www/yii/framework/web/CController.php(872): CBaseController->renderFile('/data/www/pdv/p...', Array, true)
#12 /data/www/yii/framework/web/CController.php(785): CController->renderPartial('create', Array, true)
#13 /data/www/pdv/protected/controllers/VendaController.php(78): CController->render('create', Array)
#14 /data/www/yii/framework/web/actions/CInlineAction.php(49): VendaController->actionCreate()
#15 /data/www/yii/framework/web/CController.php(308): CInlineAction->runWithParams(Array)
#16 /data/www/yii/framework/web/filters/CFilterChain.php(134): CController->runAction(Object(CInlineAction))
#17 /data/www/yii/framework/web/filters/CFilter.php(40): CFilterChain->run()
#18 /data/www/yii/framework/web/CController.php(1148): CFilter->filter(Object(CFilterChain))
#19 /data/www/yii/framework/web/filters/CInlineFilter.php(58): CController->filterAccessControl(Object(CFilterChain))
#20 /data/www/yii/framework/web/filters/CFilterChain.php(131): CInlineFilter->filter(Object(CFilterChain))
#21 /data/www/yii/framework/web/CController.php(291): CFilterChain->run()
#22 /data/www/yii/framework/web/CController.php(265): CController->runActionWithFilters(Object(CInlineAction), Array)
#23 /data/www/yii/framework/web/CWebApplication.php(282): CController->run('create')
#24 /data/www/yii/framework/web/CWebApplication.php(141): CWebApplication->runController('venda/create')
#25 /data/www/yii/framework/base/CApplication.php(185): CWebApplication->processRequest()
#26 /data/www/pdv/index.php(15): CApplication->run()
#27 {main}
REQUEST_URI=/pdv/index.php?r=venda/create
---
2019/02/21 16:28:17 [error] [php] Undefined variable: modelcesta (/data/www/pdv/protected/views/venda/_form.php:34)
Stack trace:
#0 /data/www/yii/framework/web/CController.php(872): VendaController->renderFile()
#1 /data/www/pdv/protected/views/venda/create.php(18): VendaController->renderPartial()
#2 /data/www/yii/framework/web/CBaseController.php(126): require()
#3 /data/www/yii/framework/web/CBaseController.php(95): VendaController->renderInternal()
#4 /data/www/yii/framework/web/CController.php(872): VendaController->renderFile()
#5 /data/www/yii/framework/web/CController.php(785): VendaController->renderPartial()
#6 /data/www/pdv/protected/controllers/VendaController.php(78): VendaController->render()
#7 /data/www/yii/framework/web/actions/CInlineAction.php(49): VendaController->actionCreate()
#8 /data/www/yii/framework/web/CController.php(308): CInlineAction->runWithParams()
#9 /data/www/yii/framework/web/filters/CFilterChain.php(134): VendaController->runAction()
#10 /data/www/yii/framework/web/filters/CFilter.php(40): CFilterChain->run()
#11 /data/www/yii/framework/web/CController.php(1148): CAccessControlFilter->filter()
#12 /data/www/yii/framework/web/filters/CInlineFilter.php(58): VendaController->filterAccessControl()
#13 /data/www/yii/framework/web/filters/CFilterChain.php(131): CInlineFilter->filter()
#14 /data/www/yii/framework/web/CController.php(291): CFilterChain->run()
#15 /data/www/yii/framework/web/CController.php(265): VendaController->runActionWithFilters()
#16 /data/www/yii/framework/web/CWebApplication.php(282): VendaController->run()
#17 /data/www/yii/framework/web/CWebApplication.php(141): CWebApplication->runController()
#18 /data/www/yii/framework/base/CApplication.php(185): CWebApplication->processRequest()
#19 /data/www/pdv/index.php(15): CWebApplication->run()
REQUEST_URI=/pdv/index.php?r=venda/create
in /data/www/pdv/protected/views/venda/_form.php (34)
in /data/www/pdv/protected/views/venda/create.php (18)
in /data/www/pdv/protected/controllers/VendaController.php (78)
2019/02/22 10:51:25 [error] [exception.ParseError] ParseError: syntax error, unexpected ';' in /data/www/pdv/protected/views/venda/_form.php:58
Stack trace:
#0 /data/www/yii/framework/web/CBaseController.php(95): CBaseController->renderInternal('/data/www/pdv/p...', Array, true)
#1 /data/www/yii/framework/web/CController.php(872): CBaseController->renderFile('/data/www/pdv/p...', Array, true)
#2 /data/www/pdv/protected/views/venda/create.php(18): CController->renderPartial('_form', Array)
#3 /data/www/yii/framework/web/CBaseController.php(126): require('/data/www/pdv/p...')
#4 /data/www/yii/framework/web/CBaseController.php(95): CBaseController->renderInternal('/data/www/pdv/p...', Array, true)
#5 /data/www/yii/framework/web/CController.php(872): CBaseController->renderFile('/data/www/pdv/p...', Array, true)
#6 /data/www/yii/framework/web/CController.php(785): CController->renderPartial('create', Array, true)
#7 /data/www/pdv/protected/controllers/VendaController.php(80): CController->render('create', Array)
#8 /data/www/yii/framework/web/actions/CInlineAction.php(49): VendaController->actionCreate()
#9 /data/www/yii/framework/web/CController.php(308): CInlineAction->runWithParams(Array)
#10 /data/www/yii/framework/web/filters/CFilterChain.php(134): CController->runAction(Object(CInlineAction))
#11 /data/www/yii/framework/web/filters/CFilter.php(40): CFilterChain->run()
#12 /data/www/yii/framework/web/CController.php(1148): CFilter->filter(Object(CFilterChain))
#13 /data/www/yii/framework/web/filters/CInlineFilter.php(58): CController->filterAccessControl(Object(CFilterChain))
#14 /data/www/yii/framework/web/filters/CFilterChain.php(131): CInlineFilter->filter(Object(CFilterChain))
#15 /data/www/yii/framework/web/CController.php(291): CFilterChain->run()
#16 /data/www/yii/framework/web/CController.php(265): CController->runActionWithFilters(Object(CInlineAction), Array)
#17 /data/www/yii/framework/web/CWebApplication.php(282): CController->run('create')
#18 /data/www/yii/framework/web/CWebApplication.php(141): CWebApplication->runController('venda/create')
#19 /data/www/yii/framework/base/CApplication.php(185): CWebApplication->processRequest()
#20 /data/www/pdv/index.php(17): CApplication->run()
#21 {main}
REQUEST_URI=/pdv/index.php?r=venda/create
---
2019/02/22 11:01:23 [error] [php] Undefined index: ProdutoVenda (/data/www/pdv/protected/views/venda/_form.php:85)
Stack trace:
#0 /data/www/yii/framework/web/CController.php(872): VendaController->renderFile()
#1 /data/www/pdv/protected/views/venda/create.php(18): VendaController->renderPartial()
#2 /data/www/yii/framework/web/CBaseController.php(126): require()
#3 /data/www/yii/framework/web/CBaseController.php(95): VendaController->renderInternal()
#4 /data/www/yii/framework/web/CController.php(872): VendaController->renderFile()
#5 /data/www/yii/framework/web/CController.php(785): VendaController->renderPartial()
#6 /data/www/pdv/protected/controllers/VendaController.php(80): VendaController->render()
#7 /data/www/yii/framework/web/actions/CInlineAction.php(49): VendaController->actionCreate()
#8 /data/www/yii/framework/web/CController.php(308): CInlineAction->runWithParams()
#9 /data/www/yii/framework/web/filters/CFilterChain.php(134): VendaController->runAction()
#10 /data/www/yii/framework/web/filters/CFilter.php(40): CFilterChain->run()
#11 /data/www/yii/framework/web/CController.php(1148): CAccessControlFilter->filter()
#12 /data/www/yii/framework/web/filters/CInlineFilter.php(58): VendaController->filterAccessControl()
#13 /data/www/yii/framework/web/filters/CFilterChain.php(131): CInlineFilter->filter()
#14 /data/www/yii/framework/web/CController.php(291): CFilterChain->run()
#15 /data/www/yii/framework/web/CController.php(265): VendaController->runActionWithFilters()
#16 /data/www/yii/framework/web/CWebApplication.php(282): VendaController->run()
#17 /data/www/yii/framework/web/CWebApplication.php(141): CWebApplication->runController()
#18 /data/www/yii/framework/base/CApplication.php(185): CWebApplication->processRequest()
#19 /data/www/pdv/index.php(17): CWebApplication->run()
REQUEST_URI=/pdv/index.php?r=venda/create
in /data/www/pdv/protected/views/venda/_form.php (85)
in /data/www/pdv/protected/views/venda/create.php (18)
in /data/www/pdv/protected/controllers/VendaController.php (80)
2019/02/22 11:01:37 [error] [php] Undefined index: produto_id (/data/www/pdv/protected/views/venda/_form.php:85)
Stack trace:
#0 /data/www/yii/framework/web/CController.php(872): VendaController->renderFile()
#1 /data/www/pdv/protected/views/venda/create.php(18): VendaController->renderPartial()
#2 /data/www/yii/framework/web/CBaseController.php(126): require()
#3 /data/www/yii/framework/web/CBaseController.php(95): VendaController->renderInternal()
#4 /data/www/yii/framework/web/CController.php(872): VendaController->renderFile()
#5 /data/www/yii/framework/web/CController.php(785): VendaController->renderPartial()
#6 /data/www/pdv/protected/controllers/VendaController.php(80): VendaController->render()
#7 /data/www/yii/framework/web/actions/CInlineAction.php(49): VendaController->actionCreate()
#8 /data/www/yii/framework/web/CController.php(308): CInlineAction->runWithParams()
#9 /data/www/yii/framework/web/filters/CFilterChain.php(134): VendaController->runAction()
#10 /data/www/yii/framework/web/filters/CFilter.php(40): CFilterChain->run()
#11 /data/www/yii/framework/web/CController.php(1148): CAccessControlFilter->filter()
#12 /data/www/yii/framework/web/filters/CInlineFilter.php(58): VendaController->filterAccessControl()
#13 /data/www/yii/framework/web/filters/CFilterChain.php(131): CInlineFilter->filter()
#14 /data/www/yii/framework/web/CController.php(291): CFilterChain->run()
#15 /data/www/yii/framework/web/CController.php(265): VendaController->runActionWithFilters()
#16 /data/www/yii/framework/web/CWebApplication.php(282): VendaController->run()
#17 /data/www/yii/framework/web/CWebApplication.php(141): CWebApplication->runController()
#18 /data/www/yii/framework/base/CApplication.php(185): CWebApplication->processRequest()
#19 /data/www/pdv/index.php(17): CWebApplication->run()
REQUEST_URI=/pdv/index.php?r=venda/create
in /data/www/pdv/protected/views/venda/_form.php (85)
in /data/www/pdv/protected/views/venda/create.php (18)
in /data/www/pdv/protected/controllers/VendaController.php (80)
2019/02/22 11:08:15 [error] [php] Undefined variable: qtdTotal (/data/www/pdv/protected/views/venda/_form.php:87)
Stack trace:
#0 /data/www/yii/framework/web/CController.php(872): VendaController->renderFile()
#1 /data/www/pdv/protected/views/venda/create.php(18): VendaController->renderPartial()
#2 /data/www/yii/framework/web/CBaseController.php(126): require()
#3 /data/www/yii/framework/web/CBaseController.php(95): VendaController->renderInternal()
#4 /data/www/yii/framework/web/CController.php(872): VendaController->renderFile()
#5 /data/www/yii/framework/web/CController.php(785): VendaController->renderPartial()
#6 /data/www/pdv/protected/controllers/VendaController.php(80): VendaController->render()
#7 /data/www/yii/framework/web/actions/CInlineAction.php(49): VendaController->actionCreate()
#8 /data/www/yii/framework/web/CController.php(308): CInlineAction->runWithParams()
#9 /data/www/yii/framework/web/filters/CFilterChain.php(134): VendaController->runAction()
#10 /data/www/yii/framework/web/filters/CFilter.php(40): CFilterChain->run()
#11 /data/www/yii/framework/web/CController.php(1148): CAccessControlFilter->filter()
#12 /data/www/yii/framework/web/filters/CInlineFilter.php(58): VendaController->filterAccessControl()
#13 /data/www/yii/framework/web/filters/CFilterChain.php(131): CInlineFilter->filter()
#14 /data/www/yii/framework/web/CController.php(291): CFilterChain->run()
#15 /data/www/yii/framework/web/CController.php(265): VendaController->runActionWithFilters()
#16 /data/www/yii/framework/web/CWebApplication.php(282): VendaController->run()
#17 /data/www/yii/framework/web/CWebApplication.php(141): CWebApplication->runController()
#18 /data/www/yii/framework/base/CApplication.php(185): CWebApplication->processRequest()
#19 /data/www/pdv/index.php(17): CWebApplication->run()
REQUEST_URI=/pdv/index.php?r=venda/create
in /data/www/pdv/protected/views/venda/_form.php (87)
in /data/www/pdv/protected/views/venda/create.php (18)
in /data/www/pdv/protected/controllers/VendaController.php (80)
2019/02/22 12:55:31 [error] [exception.CHttpException.404] CHttpException: The system is unable to find the requested action "create,". in /data/www/yii/framework/web/CController.php:486
Stack trace:
#0 /data/www/yii/framework/web/CController.php(270): CController->missingAction('create,')
#1 /data/www/yii/framework/web/CWebApplication.php(282): CController->run('create,')
#2 /data/www/yii/framework/web/CWebApplication.php(141): CWebApplication->runController('venda/create,')
#3 /data/www/yii/framework/base/CApplication.php(185): CWebApplication->processRequest()
#4 /data/www/pdv/index.php(17): CApplication->run()
#5 {main}
REQUEST_URI=/pdv/index.php?r=venda/create,
---
2019/02/22 13:52:22 [error] [exception.CException] CException: Property "Produtovenda.Qtd" is not defined. in /data/www/yii/framework/base/CComponent.php:130
Stack trace:
#0 /data/www/yii/framework/db/ar/CActiveRecord.php(145): CComponent->__get('Qtd')
#1 /data/www/yii/framework/web/helpers/CHtml.php(2760): CActiveRecord->__get('Qtd')
#2 /data/www/yii/framework/web/helpers/CHtml.php(2483): CHtml::resolveValue(Object(Produtovenda), 'Qtd')
#3 /data/www/yii/framework/web/helpers/CHtml.php(1540): CHtml::activeInputField('text', Object(Produtovenda), 'Qtd', Array)
#4 /data/www/yii/framework/web/widgets/CActiveForm.php(792): CHtml::activeTextField(Object(Produtovenda), 'Qtd', Array)
#5 /data/www/pdv/protected/views/venda/_form.php(107): CActiveForm->textField(Object(Produtovenda), '[0]Qtd')
#6 /data/www/yii/framework/web/CBaseController.php(126): require('/data/www/pdv/p...')
#7 /data/www/yii/framework/web/CBaseController.php(95): CBaseController->renderInternal('/data/www/pdv/p...', Array, true)
#8 /data/www/yii/framework/web/CController.php(872): CBaseController->renderFile('/data/www/pdv/p...', Array, true)
#9 /data/www/pdv/protected/views/venda/create.php(18): CController->renderPartial('_form', Array)
#10 /data/www/yii/framework/web/CBaseController.php(126): require('/data/www/pdv/p...')
#11 /data/www/yii/framework/web/CBaseController.php(95): CBaseController->renderInternal('/data/www/pdv/p...', Array, true)
#12 /data/www/yii/framework/web/CController.php(872): CBaseController->renderFile('/data/www/pdv/p...', Array, true)
#13 /data/www/yii/framework/web/CController.php(785): CController->renderPartial('create', Array, true)
#14 /data/www/pdv/protected/controllers/VendaController.php(80): CController->render('create', Array)
#15 /data/www/yii/framework/web/actions/CInlineAction.php(49): VendaController->actionCreate()
#16 /data/www/yii/framework/web/CController.php(308): CInlineAction->runWithParams(Array)
#17 /data/www/yii/framework/web/filters/CFilterChain.php(134): CController->runAction(Object(CInlineAction))
#18 /data/www/yii/framework/web/filters/CFilter.php(40): CFilterChain->run()
#19 /data/www/yii/framework/web/CController.php(1148): CFilter->filter(Object(CFilterChain))
#20 /data/www/yii/framework/web/filters/CInlineFilter.php(58): CController->filterAccessControl(Object(CFilterChain))
#21 /data/www/yii/framework/web/filters/CFilterChain.php(131): CInlineFilter->filter(Object(CFilterChain))
#22 /data/www/yii/framework/web/CController.php(291): CFilterChain->run()
#23 /data/www/yii/framework/web/CController.php(265): CController->runActionWithFilters(Object(CInlineAction), Array)
#24 /data/www/yii/framework/web/CWebApplication.php(282): CController->run('create')
#25 /data/www/yii/framework/web/CWebApplication.php(141): CWebApplication->runController('venda/create')
#26 /data/www/yii/framework/base/CApplication.php(185): CWebApplication->processRequest()
#27 /data/www/pdv/index.php(17): CApplication->run()
#28 {main}
REQUEST_URI=/pdv/index.php?r=venda/create
---
2019/02/22 14:01:56 [error] [exception.ParseError] ParseError: syntax error, unexpected 'foreach' (T_FOREACH) in /data/www/pdv/protected/views/venda/_form.php:112
Stack trace:
#0 /data/www/yii/framework/web/CBaseController.php(95): CBaseController->renderInternal('/data/www/pdv/p...', Array, true)
#1 /data/www/yii/framework/web/CController.php(872): CBaseController->renderFile('/data/www/pdv/p...', Array, true)
#2 /data/www/pdv/protected/views/venda/create.php(18): CController->renderPartial('_form', Array)
#3 /data/www/yii/framework/web/CBaseController.php(126): require('/data/www/pdv/p...')
#4 /data/www/yii/framework/web/CBaseController.php(95): CBaseController->renderInternal('/data/www/pdv/p...', Array, true)
#5 /data/www/yii/framework/web/CController.php(872): CBaseController->renderFile('/data/www/pdv/p...', Array, true)
#6 /data/www/yii/framework/web/CController.php(785): CController->renderPartial('create', Array, true)
#7 /data/www/pdv/protected/controllers/VendaController.php(80): CController->render('create', Array)
#8 /data/www/yii/framework/web/actions/CInlineAction.php(49): VendaController->actionCreate()
#9 /data/www/yii/framework/web/CController.php(308): CInlineAction->runWithParams(Array)
#10 /data/www/yii/framework/web/filters/CFilterChain.php(134): CController->runAction(Object(CInlineAction))
#11 /data/www/yii/framework/web/filters/CFilter.php(40): CFilterChain->run()
#12 /data/www/yii/framework/web/CController.php(1148): CFilter->filter(Object(CFilterChain))
#13 /data/www/yii/framework/web/filters/CInlineFilter.php(58): CController->filterAccessControl(Object(CFilterChain))
#14 /data/www/yii/framework/web/filters/CFilterChain.php(131): CInlineFilter->filter(Object(CFilterChain))
#15 /data/www/yii/framework/web/CController.php(291): CFilterChain->run()
#16 /data/www/yii/framework/web/CController.php(265): CController->runActionWithFilters(Object(CInlineAction), Array)
#17 /data/www/yii/framework/web/CWebApplication.php(282): CController->run('create')
#18 /data/www/yii/framework/web/CWebApplication.php(141): CWebApplication->runController('venda/create')
#19 /data/www/yii/framework/base/CApplication.php(185): CWebApplication->processRequest()
#20 /data/www/pdv/index.php(17): CApplication->run()
#21 {main}
REQUEST_URI=/pdv/index.php?r=venda/create
---
2019/02/22 14:03:09 [error] [php] Undefined index: ProdutoVenda (/data/www/pdv/protected/views/venda/_form.php:112)
Stack trace:
#0 /data/www/yii/framework/web/CController.php(872): VendaController->renderFile()
#1 /data/www/pdv/protected/views/venda/create.php(18): VendaController->renderPartial()
#2 /data/www/yii/framework/web/CBaseController.php(126): require()
#3 /data/www/yii/framework/web/CBaseController.php(95): VendaController->renderInternal()
#4 /data/www/yii/framework/web/CController.php(872): VendaController->renderFile()
#5 /data/www/yii/framework/web/CController.php(785): VendaController->renderPartial()
#6 /data/www/pdv/protected/controllers/VendaController.php(80): VendaController->render()
#7 /data/www/yii/framework/web/actions/CInlineAction.php(49): VendaController->actionCreate()
#8 /data/www/yii/framework/web/CController.php(308): CInlineAction->runWithParams()
#9 /data/www/yii/framework/web/filters/CFilterChain.php(134): VendaController->runAction()
#10 /data/www/yii/framework/web/filters/CFilter.php(40): CFilterChain->run()
#11 /data/www/yii/framework/web/CController.php(1148): CAccessControlFilter->filter()
#12 /data/www/yii/framework/web/filters/CInlineFilter.php(58): VendaController->filterAccessControl()
#13 /data/www/yii/framework/web/filters/CFilterChain.php(131): CInlineFilter->filter()
#14 /data/www/yii/framework/web/CController.php(291): CFilterChain->run()
#15 /data/www/yii/framework/web/CController.php(265): VendaController->runActionWithFilters()
#16 /data/www/yii/framework/web/CWebApplication.php(282): VendaController->run()
#17 /data/www/yii/framework/web/CWebApplication.php(141): CWebApplication->runController()
#18 /data/www/yii/framework/base/CApplication.php(185): CWebApplication->processRequest()
#19 /data/www/pdv/index.php(17): CWebApplication->run()
REQUEST_URI=/pdv/index.php?r=venda/create
in /data/www/pdv/protected/views/venda/_form.php (112)
in /data/www/pdv/protected/views/venda/create.php (18)
in /data/www/pdv/protected/controllers/VendaController.php (80)
2019/02/22 14:04:32 [error] [exception.ParseError] ParseError: syntax error, unexpected 'vlCompra' (T_STRING), expecting function (T_FUNCTION) or const (T_CONST) in /data/www/pdv/protected/controllers/VendaController.php:176
Stack trace:
#0 /data/www/yii/framework/web/CWebApplication.php(276): CWebApplication->createController('create/')
#1 /data/www/yii/framework/web/CWebApplication.php(141): CWebApplication->runController('venda/create')
#2 /data/www/yii/framework/base/CApplication.php(185): CWebApplication->processRequest()
#3 /data/www/pdv/index.php(17): CApplication->run()
#4 {main}
REQUEST_URI=/pdv/index.php?r=venda/create
---
2019/02/22 14:05:33 [error] [exception.CException] CException: Venda and its behaviors do not have a method or closure named "vlCompra". in /data/www/yii/framework/base/CComponent.php:266
Stack trace:
#0 /data/www/yii/framework/db/ar/CActiveRecord.php(229): CComponent->__call('vlCompra', Array)
#1 /data/www/pdv/protected/views/venda/_form.php(112): CActiveRecord->__call('vlCompra', Array)
#2 /data/www/yii/framework/web/CBaseController.php(126): require('/data/www/pdv/p...')
#3 /data/www/yii/framework/web/CBaseController.php(95): CBaseController->renderInternal('/data/www/pdv/p...', Array, true)
#4 /data/www/yii/framework/web/CController.php(872): CBaseController->renderFile('/data/www/pdv/p...', Array, true)
#5 /data/www/pdv/protected/views/venda/create.php(18): CController->renderPartial('_form', Array)
#6 /data/www/yii/framework/web/CBaseController.php(126): require('/data/www/pdv/p...')
#7 /data/www/yii/framework/web/CBaseController.php(95): CBaseController->renderInternal('/data/www/pdv/p...', Array, true)
#8 /data/www/yii/framework/web/CController.php(872): CBaseController->renderFile('/data/www/pdv/p...', Array, true)
#9 /data/www/yii/framework/web/CController.php(785): CController->renderPartial('create', Array, true)
#10 /data/www/pdv/protected/controllers/VendaController.php(80): CController->render('create', Array)
#11 /data/www/yii/framework/web/actions/CInlineAction.php(49): VendaController->actionCreate()
#12 /data/www/yii/framework/web/CController.php(308): CInlineAction->runWithParams(Array)
#13 /data/www/yii/framework/web/filters/CFilterChain.php(134): CController->runAction(Object(CInlineAction))
#14 /data/www/yii/framework/web/filters/CFilter.php(40): CFilterChain->run()
#15 /data/www/yii/framework/web/CController.php(1148): CFilter->filter(Object(CFilterChain))
#16 /data/www/yii/framework/web/filters/CInlineFilter.php(58): CController->filterAccessControl(Object(CFilterChain))
#17 /data/www/yii/framework/web/filters/CFilterChain.php(131): CInlineFilter->filter(Object(CFilterChain))
#18 /data/www/yii/framework/web/CController.php(291): CFilterChain->run()
#19 /data/www/yii/framework/web/CController.php(265): CController->runActionWithFilters(Object(CInlineAction), Array)
#20 /data/www/yii/framework/web/CWebApplication.php(282): CController->run('create')
#21 /data/www/yii/framework/web/CWebApplication.php(141): CWebApplication->runController('venda/create')
#22 /data/www/yii/framework/base/CApplication.php(185): CWebApplication->processRequest()
#23 /data/www/pdv/index.php(17): CApplication->run()
#24 {main}
REQUEST_URI=/pdv/index.php?r=venda/create
---
2019/02/22 14:06:15 [error] [exception.CException] CException: Venda and its behaviors do not have a method or closure named "vlCompra". in /data/www/yii/framework/base/CComponent.php:266
Stack trace:
#0 /data/www/yii/framework/db/ar/CActiveRecord.php(229): CComponent->__call('vlCompra', Array)
#1 /data/www/pdv/protected/views/venda/_form.php(112): CActiveRecord->__call('vlCompra', Array)
#2 /data/www/yii/framework/web/CBaseController.php(126): require('/data/www/pdv/p...')
#3 /data/www/yii/framework/web/CBaseController.php(95): CBaseController->renderInternal('/data/www/pdv/p...', Array, true)
#4 /data/www/yii/framework/web/CController.php(872): CBaseController->renderFile('/data/www/pdv/p...', Array, true)
#5 /data/www/pdv/protected/views/venda/create.php(18): CController->renderPartial('_form', Array)
#6 /data/www/yii/framework/web/CBaseController.php(126): require('/data/www/pdv/p...')
#7 /data/www/yii/framework/web/CBaseController.php(95): CBaseController->renderInternal('/data/www/pdv/p...', Array, true)
#8 /data/www/yii/framework/web/CController.php(872): CBaseController->renderFile('/data/www/pdv/p...', Array, true)
#9 /data/www/yii/framework/web/CController.php(785): CController->renderPartial('create', Array, true)
#10 /data/www/pdv/protected/controllers/VendaController.php(80): CController->render('create', Array)
#11 /data/www/yii/framework/web/actions/CInlineAction.php(49): VendaController->actionCreate()
#12 /data/www/yii/framework/web/CController.php(308): CInlineAction->runWithParams(Array)
#13 /data/www/yii/framework/web/filters/CFilterChain.php(134): CController->runAction(Object(CInlineAction))
#14 /data/www/yii/framework/web/filters/CFilter.php(40): CFilterChain->run()
#15 /data/www/yii/framework/web/CController.php(1148): CFilter->filter(Object(CFilterChain))
#16 /data/www/yii/framework/web/filters/CInlineFilter.php(58): CController->filterAccessControl(Object(CFilterChain))
#17 /data/www/yii/framework/web/filters/CFilterChain.php(131): CInlineFilter->filter(Object(CFilterChain))
#18 /data/www/yii/framework/web/CController.php(291): CFilterChain->run()
#19 /data/www/yii/framework/web/CController.php(265): CController->runActionWithFilters(Object(CInlineAction), Array)
#20 /data/www/yii/framework/web/CWebApplication.php(282): CController->run('create')
#21 /data/www/yii/framework/web/CWebApplication.php(141): CWebApplication->runController('venda/create')
#22 /data/www/yii/framework/base/CApplication.php(185): CWebApplication->processRequest()
#23 /data/www/pdv/index.php(17): CApplication->run()
#24 {main}
REQUEST_URI=/pdv/index.php?r=venda/create
---
2019/02/22 14:06:22 [error] [php] Undefined index: ProdutoVenda (/data/www/pdv/protected/models/Produtovenda.php:112)
Stack trace:
#0 /data/www/yii/framework/web/CBaseController.php(95): VendaController->renderInternal()
#1 /data/www/yii/framework/web/CController.php(872): VendaController->renderFile()
#2 /data/www/pdv/protected/views/venda/create.php(18): VendaController->renderPartial()
#3 /data/www/yii/framework/web/CBaseController.php(126): require()
#4 /data/www/yii/framework/web/CBaseController.php(95): VendaController->renderInternal()
#5 /data/www/yii/framework/web/CController.php(872): VendaController->renderFile()
#6 /data/www/yii/framework/web/CController.php(785): VendaController->renderPartial()
#7 /data/www/pdv/protected/controllers/VendaController.php(80): VendaController->render()
#8 /data/www/yii/framework/web/actions/CInlineAction.php(49): VendaController->actionCreate()
#9 /data/www/yii/framework/web/CController.php(308): CInlineAction->runWithParams()
#10 /data/www/yii/framework/web/filters/CFilterChain.php(134): VendaController->runAction()
#11 /data/www/yii/framework/web/filters/CFilter.php(40): CFilterChain->run()
#12 /data/www/yii/framework/web/CController.php(1148): CAccessControlFilter->filter()
#13 /data/www/yii/framework/web/filters/CInlineFilter.php(58): VendaController->filterAccessControl()
#14 /data/www/yii/framework/web/filters/CFilterChain.php(131): CInlineFilter->filter()
#15 /data/www/yii/framework/web/CController.php(291): CFilterChain->run()
#16 /data/www/yii/framework/web/CController.php(265): VendaController->runActionWithFilters()
#17 /data/www/yii/framework/web/CWebApplication.php(282): VendaController->run()
#18 /data/www/yii/framework/web/CWebApplication.php(141): CWebApplication->runController()
#19 /data/www/yii/framework/base/CApplication.php(185): CWebApplication->processRequest()
#20 /data/www/pdv/index.php(17): CWebApplication->run()
REQUEST_URI=/pdv/index.php?r=venda/create
in /data/www/pdv/protected/models/Produtovenda.php (112)
in /data/www/pdv/protected/views/venda/_form.php (112)
in /data/www/pdv/protected/views/venda/create.php (18)
2019/02/22 14:07:30 [error] [exception.ParseError] ParseError: syntax error, unexpected '}', expecting end of file in /data/www/pdv/protected/views/venda/_form.php:112
Stack trace:
#0 /data/www/yii/framework/web/CBaseController.php(95): CBaseController->renderInternal('/data/www/pdv/p...', Array, true)
#1 /data/www/yii/framework/web/CController.php(872): CBaseController->renderFile('/data/www/pdv/p...', Array, true)
#2 /data/www/pdv/protected/views/venda/create.php(18): CController->renderPartial('_form', Array)
#3 /data/www/yii/framework/web/CBaseController.php(126): require('/data/www/pdv/p...')
#4 /data/www/yii/framework/web/CBaseController.php(95): CBaseController->renderInternal('/data/www/pdv/p...', Array, true)
#5 /data/www/yii/framework/web/CController.php(872): CBaseController->renderFile('/data/www/pdv/p...', Array, true)
#6 /data/www/yii/framework/web/CController.php(785): CController->renderPartial('create', Array, true)
#7 /data/www/pdv/protected/controllers/VendaController.php(80): CController->render('create', Array)
#8 /data/www/yii/framework/web/actions/CInlineAction.php(49): VendaController->actionCreate()
#9 /data/www/yii/framework/web/CController.php(308): CInlineAction->runWithParams(Array)
#10 /data/www/yii/framework/web/filters/CFilterChain.php(134): CController->runAction(Object(CInlineAction))
#11 /data/www/yii/framework/web/filters/CFilter.php(40): CFilterChain->run()
#12 /data/www/yii/framework/web/CController.php(1148): CFilter->filter(Object(CFilterChain))
#13 /data/www/yii/framework/web/filters/CInlineFilter.php(58): CController->filterAccessControl(Object(CFilterChain))
#14 /data/www/yii/framework/web/filters/CFilterChain.php(131): CInlineFilter->filter(Object(CFilterChain))
#15 /data/www/yii/framework/web/CController.php(291): CFilterChain->run()
#16 /data/www/yii/framework/web/CController.php(265): CController->runActionWithFilters(Object(CInlineAction), Array)
#17 /data/www/yii/framework/web/CWebApplication.php(282): CController->run('create')
#18 /data/www/yii/framework/web/CWebApplication.php(141): CWebApplication->runController('venda/create')
#19 /data/www/yii/framework/base/CApplication.php(185): CWebApplication->processRequest()
#20 /data/www/pdv/index.php(17): CApplication->run()
#21 {main}
REQUEST_URI=/pdv/index.php?r=venda/create
---
2019/02/22 14:30:05 [error] [php] Undefined index: ProdutoVenda (/data/www/pdv/protected/controllers/VendaController.php:79)
Stack trace:
#0 /data/www/yii/framework/web/filters/CFilterChain.php(134): VendaController->runAction()
#1 /data/www/yii/framework/web/filters/CFilter.php(40): CFilterChain->run()
#2 /data/www/yii/framework/web/CController.php(1148): CAccessControlFilter->filter()
#3 /data/www/yii/framework/web/filters/CInlineFilter.php(58): VendaController->filterAccessControl()
#4 /data/www/yii/framework/web/filters/CFilterChain.php(131): CInlineFilter->filter()
#5 /data/www/yii/framework/web/CController.php(291): CFilterChain->run()
#6 /data/www/yii/framework/web/CController.php(265): VendaController->runActionWithFilters()
#7 /data/www/yii/framework/web/CWebApplication.php(282): VendaController->run()
#8 /data/www/yii/framework/web/CWebApplication.php(141): CWebApplication->runController()
#9 /data/www/yii/framework/base/CApplication.php(185): CWebApplication->processRequest()
#10 /data/www/pdv/index.php(17): CWebApplication->run()
REQUEST_URI=/pdv/index.php?r=venda/create
in /data/www/pdv/protected/controllers/VendaController.php (79)
in /data/www/pdv/index.php (17)
2019/02/22 14:30:37 [error] [php] Illegal offset type (/data/www/pdv/protected/controllers/VendaController.php:79)
Stack trace:
#0 /data/www/yii/framework/web/filters/CFilterChain.php(134): VendaController->runAction()
#1 /data/www/yii/framework/web/filters/CFilter.php(40): CFilterChain->run()
#2 /data/www/yii/framework/web/CController.php(1148): CAccessControlFilter->filter()
#3 /data/www/yii/framework/web/filters/CInlineFilter.php(58): VendaController->filterAccessControl()
#4 /data/www/yii/framework/web/filters/CFilterChain.php(131): CInlineFilter->filter()
#5 /data/www/yii/framework/web/CController.php(291): CFilterChain->run()
#6 /data/www/yii/framework/web/CController.php(265): VendaController->runActionWithFilters()
#7 /data/www/yii/framework/web/CWebApplication.php(282): VendaController->run()
#8 /data/www/yii/framework/web/CWebApplication.php(141): CWebApplication->runController()
#9 /data/www/yii/framework/base/CApplication.php(185): CWebApplication->processRequest()
#10 /data/www/pdv/index.php(17): CWebApplication->run()
REQUEST_URI=/pdv/index.php?r=venda/create
in /data/www/pdv/protected/controllers/VendaController.php (79)
in /data/www/pdv/index.php (17)
2019/02/22 14:38:33 [error] [php] Undefined index: ProdutoVenda (/data/www/pdv/protected/controllers/VendaController.php:79)
Stack trace:
#0 /data/www/yii/framework/web/filters/CFilterChain.php(134): VendaController->runAction()
#1 /data/www/yii/framework/web/filters/CFilter.php(40): CFilterChain->run()
#2 /data/www/yii/framework/web/CController.php(1148): CAccessControlFilter->filter()
#3 /data/www/yii/framework/web/filters/CInlineFilter.php(58): VendaController->filterAccessControl()
#4 /data/www/yii/framework/web/filters/CFilterChain.php(131): CInlineFilter->filter()
#5 /data/www/yii/framework/web/CController.php(291): CFilterChain->run()
#6 /data/www/yii/framework/web/CController.php(265): VendaController->runActionWithFilters()
#7 /data/www/yii/framework/web/CWebApplication.php(282): VendaController->run()
#8 /data/www/yii/framework/web/CWebApplication.php(141): CWebApplication->runController()
#9 /data/www/yii/framework/base/CApplication.php(185): CWebApplication->processRequest()
#10 /data/www/pdv/index.php(17): CWebApplication->run()
REQUEST_URI=/pdv/index.php?r=venda/create
in /data/www/pdv/protected/controllers/VendaController.php (79)
in /data/www/pdv/index.php (17)
2019/02/22 14:38:45 [error] [php] Undefined index: ProdutoVenda (/data/www/pdv/protected/controllers/VendaController.php:79)
Stack trace:
#0 /data/www/yii/framework/web/filters/CFilterChain.php(134): VendaController->runAction()
#1 /data/www/yii/framework/web/filters/CFilter.php(40): CFilterChain->run()
#2 /data/www/yii/framework/web/CController.php(1148): CAccessControlFilter->filter()
#3 /data/www/yii/framework/web/filters/CInlineFilter.php(58): VendaController->filterAccessControl()
#4 /data/www/yii/framework/web/filters/CFilterChain.php(131): CInlineFilter->filter()
#5 /data/www/yii/framework/web/CController.php(291): CFilterChain->run()
#6 /data/www/yii/framework/web/CController.php(265): VendaController->runActionWithFilters()
#7 /data/www/yii/framework/web/CWebApplication.php(282): VendaController->run()
#8 /data/www/yii/framework/web/CWebApplication.php(141): CWebApplication->runController()
#9 /data/www/yii/framework/base/CApplication.php(185): CWebApplication->processRequest()
#10 /data/www/pdv/index.php(17): CWebApplication->run()
REQUEST_URI=/pdv/index.php?r=venda/create
in /data/www/pdv/protected/controllers/VendaController.php (79)
in /data/www/pdv/index.php (17)
2019/02/22 14:39:02 [error] [php] Undefined index: ProdutoVenda (/data/www/pdv/protected/controllers/VendaController.php:79)
Stack trace:
#0 /data/www/yii/framework/web/filters/CFilterChain.php(134): VendaController->runAction()
#1 /data/www/yii/framework/web/filters/CFilter.php(40): CFilterChain->run()
#2 /data/www/yii/framework/web/CController.php(1148): CAccessControlFilter->filter()
#3 /data/www/yii/framework/web/filters/CInlineFilter.php(58): VendaController->filterAccessControl()
#4 /data/www/yii/framework/web/filters/CFilterChain.php(131): CInlineFilter->filter()
#5 /data/www/yii/framework/web/CController.php(291): CFilterChain->run()
#6 /data/www/yii/framework/web/CController.php(265): VendaController->runActionWithFilters()
#7 /data/www/yii/framework/web/CWebApplication.php(282): VendaController->run()
#8 /data/www/yii/framework/web/CWebApplication.php(141): CWebApplication->runController()
#9 /data/www/yii/framework/base/CApplication.php(185): CWebApplication->processRequest()
#10 /data/www/pdv/index.php(17): CWebApplication->run()
REQUEST_URI=/pdv/index.php?r=venda/create
in /data/www/pdv/protected/controllers/VendaController.php (79)
in /data/www/pdv/index.php (17)
2019/02/22 14:39:04 [error] [php] Undefined index: ProdutoVenda (/data/www/pdv/protected/controllers/VendaController.php:79)
Stack trace:
#0 /data/www/yii/framework/web/filters/CFilterChain.php(134): VendaController->runAction()
#1 /data/www/yii/framework/web/filters/CFilter.php(40): CFilterChain->run()
#2 /data/www/yii/framework/web/CController.php(1148): CAccessControlFilter->filter()
#3 /data/www/yii/framework/web/filters/CInlineFilter.php(58): VendaController->filterAccessControl()
#4 /data/www/yii/framework/web/filters/CFilterChain.php(131): CInlineFilter->filter()
#5 /data/www/yii/framework/web/CController.php(291): CFilterChain->run()
#6 /data/www/yii/framework/web/CController.php(265): VendaController->runActionWithFilters()
#7 /data/www/yii/framework/web/CWebApplication.php(282): VendaController->run()
#8 /data/www/yii/framework/web/CWebApplication.php(141): CWebApplication->runController()
#9 /data/www/yii/framework/base/CApplication.php(185): CWebApplication->processRequest()
#10 /data/www/pdv/index.php(17): CWebApplication->run()
REQUEST_URI=/pdv/index.php?r=venda/create
in /data/www/pdv/protected/controllers/VendaController.php (79)
in /data/www/pdv/index.php (17)
2019/02/22 14:40:08 [error] [exception.CException] CException: Property "Produtovenda.vltotal" is not defined. in /data/www/yii/framework/base/CComponent.php:130
Stack trace:
#0 /data/www/yii/framework/db/ar/CActiveRecord.php(145): CComponent->__get('vltotal')
#1 /data/www/yii/framework/web/helpers/CHtml.php(2760): CActiveRecord->__get('vltotal')
#2 /data/www/yii/framework/web/helpers/CHtml.php(2483): CHtml::resolveValue(Object(Produtovenda), 'vltotal')
#3 /data/www/yii/framework/web/helpers/CHtml.php(1540): CHtml::activeInputField('text', Object(Produtovenda), 'vltotal', Array)
#4 /data/www/yii/framework/web/widgets/CActiveForm.php(792): CHtml::activeTextField(Object(Produtovenda), 'vltotal', Array)
#5 /data/www/pdv/protected/views/venda/_form.php(110): CActiveForm->textField(Object(Produtovenda), 'vltotal')
#6 /data/www/yii/framework/web/CBaseController.php(126): require('/data/www/pdv/p...')
#7 /data/www/yii/framework/web/CBaseController.php(95): CBaseController->renderInternal('/data/www/pdv/p...', Array, true)
#8 /data/www/yii/framework/web/CController.php(872): CBaseController->renderFile('/data/www/pdv/p...', Array, true)
#9 /data/www/pdv/protected/views/venda/create.php(18): CController->renderPartial('_form', Array)
#10 /data/www/yii/framework/web/CBaseController.php(126): require('/data/www/pdv/p...')
#11 /data/www/yii/framework/web/CBaseController.php(95): CBaseController->renderInternal('/data/www/pdv/p...', Array, true)
#12 /data/www/yii/framework/web/CController.php(872): CBaseController->renderFile('/data/www/pdv/p...', Array, true)
#13 /data/www/yii/framework/web/CController.php(785): CController->renderPartial('create', Array, true)
#14 /data/www/pdv/protected/controllers/VendaController.php(81): CController->render('create', Array)
#15 /data/www/yii/framework/web/actions/CInlineAction.php(49): VendaController->actionCreate()
#16 /data/www/yii/framework/web/CController.php(308): CInlineAction->runWithParams(Array)
#17 /data/www/yii/framework/web/filters/CFilterChain.php(134): CController->runAction(Object(CInlineAction))
#18 /data/www/yii/framework/web/filters/CFilter.php(40): CFilterChain->run()
#19 /data/www/yii/framework/web/CController.php(1148): CFilter->filter(Object(CFilterChain))
#20 /data/www/yii/framework/web/filters/CInlineFilter.php(58): CController->filterAccessControl(Object(CFilterChain))
#21 /data/www/yii/framework/web/filters/CFilterChain.php(131): CInlineFilter->filter(Object(CFilterChain))
#22 /data/www/yii/framework/web/CController.php(291): CFilterChain->run()
#23 /data/www/yii/framework/web/CController.php(265): CController->runActionWithFilters(Object(CInlineAction), Array)
#24 /data/www/yii/framework/web/CWebApplication.php(282): CController->run('create')
#25 /data/www/yii/framework/web/CWebApplication.php(141): CWebApplication->runController('venda/create')
#26 /data/www/yii/framework/base/CApplication.php(185): CWebApplication->processRequest()
#27 /data/www/pdv/index.php(17): CApplication->run()
#28 {main}
REQUEST_URI=/pdv/index.php?r=venda/create
---
2019/02/22 14:40:33 [error] [exception.CException] CException: Property "Produtovenda.vltotal" is not defined. in /data/www/yii/framework/base/CComponent.php:130
Stack trace:
#0 /data/www/yii/framework/db/ar/CActiveRecord.php(145): CComponent->__get('vltotal')
#1 /data/www/yii/framework/web/helpers/CHtml.php(2760): CActiveRecord->__get('vltotal')
#2 /data/www/yii/framework/web/helpers/CHtml.php(2483): CHtml::resolveValue(Object(Produtovenda), 'vltotal')
#3 /data/www/yii/framework/web/helpers/CHtml.php(1540): CHtml::activeInputField('text', Object(Produtovenda), 'vltotal', Array)
#4 /data/www/yii/framework/web/widgets/CActiveForm.php(792): CHtml::activeTextField(Object(Produtovenda), 'vltotal', Array)
#5 /data/www/pdv/protected/views/venda/_form.php(110): CActiveForm->textField(Object(Produtovenda), 'vltotal')
#6 /data/www/yii/framework/web/CBaseController.php(126): require('/data/www/pdv/p...')
#7 /data/www/yii/framework/web/CBaseController.php(95): CBaseController->renderInternal('/data/www/pdv/p...', Array, true)
#8 /data/www/yii/framework/web/CController.php(872): CBaseController->renderFile('/data/www/pdv/p...', Array, true)
#9 /data/www/pdv/protected/views/venda/create.php(18): CController->renderPartial('_form', Array)
#10 /data/www/yii/framework/web/CBaseController.php(126): require('/data/www/pdv/p...')
#11 /data/www/yii/framework/web/CBaseController.php(95): CBaseController->renderInternal('/data/www/pdv/p...', Array, true)
#12 /data/www/yii/framework/web/CController.php(872): CBaseController->renderFile('/data/www/pdv/p...', Array, true)
#13 /data/www/yii/framework/web/CController.php(785): CController->renderPartial('create', Array, true)
#14 /data/www/pdv/protected/controllers/VendaController.php(81): CController->render('create', Array)
#15 /data/www/yii/framework/web/actions/CInlineAction.php(49): VendaController->actionCreate()
#16 /data/www/yii/framework/web/CController.php(308): CInlineAction->runWithParams(Array)
#17 /data/www/yii/framework/web/filters/CFilterChain.php(134): CController->runAction(Object(CInlineAction))
#18 /data/www/yii/framework/web/filters/CFilter.php(40): CFilterChain->run()
#19 /data/www/yii/framework/web/CController.php(1148): CFilter->filter(Object(CFilterChain))
#20 /data/www/yii/framework/web/filters/CInlineFilter.php(58): CController->filterAccessControl(Object(CFilterChain))
#21 /data/www/yii/framework/web/filters/CFilterChain.php(131): CInlineFilter->filter(Object(CFilterChain))
#22 /data/www/yii/framework/web/CController.php(291): CFilterChain->run()
#23 /data/www/yii/framework/web/CController.php(265): CController->runActionWithFilters(Object(CInlineAction), Array)
#24 /data/www/yii/framework/web/CWebApplication.php(282): CController->run('create')
#25 /data/www/yii/framework/web/CWebApplication.php(141): CWebApplication->runController('venda/create')
#26 /data/www/yii/framework/base/CApplication.php(185): CWebApplication->processRequest()
#27 /data/www/pdv/index.php(17): CApplication->run()
#28 {main}
REQUEST_URI=/pdv/index.php?r=venda/create
---
2019/02/22 14:53:58 [error] [exception.ParseError] ParseError: syntax error, unexpected '<', expecting end of file in /data/www/pdv/protected/views/venda/_form.php:109
Stack trace:
#0 /data/www/yii/framework/web/CBaseController.php(95): CBaseController->renderInternal('/data/www/pdv/p...', Array, true)
#1 /data/www/yii/framework/web/CController.php(872): CBaseController->renderFile('/data/www/pdv/p...', Array, true)
#2 /data/www/pdv/protected/views/venda/create.php(18): CController->renderPartial('_form', Array)
#3 /data/www/yii/framework/web/CBaseController.php(126): require('/data/www/pdv/p...')
#4 /data/www/yii/framework/web/CBaseController.php(95): CBaseController->renderInternal('/data/www/pdv/p...', Array, true)
#5 /data/www/yii/framework/web/CController.php(872): CBaseController->renderFile('/data/www/pdv/p...', Array, true)
#6 /data/www/yii/framework/web/CController.php(785): CController->renderPartial('create', Array, true)
#7 /data/www/pdv/protected/controllers/VendaController.php(81): CController->render('create', Array)
#8 /data/www/yii/framework/web/actions/CInlineAction.php(49): VendaController->actionCreate()
#9 /data/www/yii/framework/web/CController.php(308): CInlineAction->runWithParams(Array)
#10 /data/www/yii/framework/web/filters/CFilterChain.php(134): CController->runAction(Object(CInlineAction))
#11 /data/www/yii/framework/web/filters/CFilter.php(40): CFilterChain->run()
#12 /data/www/yii/framework/web/CController.php(1148): CFilter->filter(Object(CFilterChain))
#13 /data/www/yii/framework/web/filters/CInlineFilter.php(58): CController->filterAccessControl(Object(CFilterChain))
#14 /data/www/yii/framework/web/filters/CFilterChain.php(131): CInlineFilter->filter(Object(CFilterChain))
#15 /data/www/yii/framework/web/CController.php(291): CFilterChain->run()
#16 /data/www/yii/framework/web/CController.php(265): CController->runActionWithFilters(Object(CInlineAction), Array)
#17 /data/www/yii/framework/web/CWebApplication.php(282): CController->run('create')
#18 /data/www/yii/framework/web/CWebApplication.php(141): CWebApplication->runController('venda/create')
#19 /data/www/yii/framework/base/CApplication.php(185): CWebApplication->processRequest()
#20 /data/www/pdv/index.php(17): CApplication->run()
#21 {main}
REQUEST_URI=/pdv/index.php?r=venda/create
---
2019/02/22 15:57:51 [error] [php] Trying to get property 'idproduto' of non-object (/data/www/pdv/protected/views/venda/_form.php:103)
Stack trace:
#0 /data/www/yii/framework/web/CController.php(872): VendaController->renderFile()
#1 /data/www/pdv/protected/views/venda/create.php(18): VendaController->renderPartial()
#2 /data/www/yii/framework/web/CBaseController.php(126): require()
#3 /data/www/yii/framework/web/CBaseController.php(95): VendaController->renderInternal()
#4 /data/www/yii/framework/web/CController.php(872): VendaController->renderFile()
#5 /data/www/yii/framework/web/CController.php(785): VendaController->renderPartial()
#6 /data/www/pdv/protected/controllers/VendaController.php(81): VendaController->render()
#7 /data/www/yii/framework/web/actions/CInlineAction.php(49): VendaController->actionCreate()
#8 /data/www/yii/framework/web/CController.php(308): CInlineAction->runWithParams()
#9 /data/www/yii/framework/web/filters/CFilterChain.php(134): VendaController->runAction()
#10 /data/www/yii/framework/web/filters/CFilter.php(40): CFilterChain->run()
#11 /data/www/yii/framework/web/CController.php(1148): CAccessControlFilter->filter()
#12 /data/www/yii/framework/web/filters/CInlineFilter.php(58): VendaController->filterAccessControl()
#13 /data/www/yii/framework/web/filters/CFilterChain.php(131): CInlineFilter->filter()
#14 /data/www/yii/framework/web/CController.php(291): CFilterChain->run()
#15 /data/www/yii/framework/web/CController.php(265): VendaController->runActionWithFilters()
#16 /data/www/yii/framework/web/CWebApplication.php(282): VendaController->run()
#17 /data/www/yii/framework/web/CWebApplication.php(141): CWebApplication->runController()
#18 /data/www/yii/framework/base/CApplication.php(185): CWebApplication->processRequest()
#19 /data/www/pdv/index.php(17): CWebApplication->run()
REQUEST_URI=/pdv/index.php?r=venda/create
in /data/www/pdv/protected/views/venda/_form.php (103)
in /data/www/pdv/protected/views/venda/create.php (18)
in /data/www/pdv/protected/controllers/VendaController.php (81)
2019/02/22 16:00:55 [error] [php] Trying to get property 'idproduto' of non-object (/data/www/pdv/protected/views/venda/_form.php:103)
Stack trace:
#0 /data/www/yii/framework/web/CController.php(872): VendaController->renderFile()
#1 /data/www/pdv/protected/views/venda/create.php(18): VendaController->renderPartial()
#2 /data/www/yii/framework/web/CBaseController.php(126): require()
#3 /data/www/yii/framework/web/CBaseController.php(95): VendaController->renderInternal()
#4 /data/www/yii/framework/web/CController.php(872): VendaController->renderFile()
#5 /data/www/yii/framework/web/CController.php(785): VendaController->renderPartial()
#6 /data/www/pdv/protected/controllers/VendaController.php(81): VendaController->render()
#7 /data/www/yii/framework/web/actions/CInlineAction.php(49): VendaController->actionCreate()
#8 /data/www/yii/framework/web/CController.php(308): CInlineAction->runWithParams()
#9 /data/www/yii/framework/web/filters/CFilterChain.php(134): VendaController->runAction()
#10 /data/www/yii/framework/web/filters/CFilter.php(40): CFilterChain->run()
#11 /data/www/yii/framework/web/CController.php(1148): CAccessControlFilter->filter()
#12 /data/www/yii/framework/web/filters/CInlineFilter.php(58): VendaController->filterAccessControl()
#13 /data/www/yii/framework/web/filters/CFilterChain.php(131): CInlineFilter->filter()
#14 /data/www/yii/framework/web/CController.php(291): CFilterChain->run()
#15 /data/www/yii/framework/web/CController.php(265): VendaController->runActionWithFilters()
#16 /data/www/yii/framework/web/CWebApplication.php(282): VendaController->run()
#17 /data/www/yii/framework/web/CWebApplication.php(141): CWebApplication->runController()
#18 /data/www/yii/framework/base/CApplication.php(185): CWebApplication->processRequest()
#19 /data/www/pdv/index.php(17): CWebApplication->run()
REQUEST_URI=/pdv/index.php?r=venda/create
in /data/www/pdv/protected/views/venda/_form.php (103)
in /data/www/pdv/protected/views/venda/create.php (18)
in /data/www/pdv/protected/controllers/VendaController.php (81)
2019/02/22 16:03:04 [error] [php] Trying to get property 'idproduto' of non-object (/data/www/pdv/protected/views/venda/_form.php:103)
Stack trace:
#0 /data/www/yii/framework/web/CController.php(872): VendaController->renderFile()
#1 /data/www/pdv/protected/views/venda/create.php(18): VendaController->renderPartial()
#2 /data/www/yii/framework/web/CBaseController.php(126): require()
#3 /data/www/yii/framework/web/CBaseController.php(95): VendaController->renderInternal()
#4 /data/www/yii/framework/web/CController.php(872): VendaController->renderFile()
#5 /data/www/yii/framework/web/CController.php(785): VendaController->renderPartial()
#6 /data/www/pdv/protected/controllers/VendaController.php(81): VendaController->render()
#7 /data/www/yii/framework/web/actions/CInlineAction.php(49): VendaController->actionCreate()
#8 /data/www/yii/framework/web/CController.php(308): CInlineAction->runWithParams()
#9 /data/www/yii/framework/web/filters/CFilterChain.php(134): VendaController->runAction()
#10 /data/www/yii/framework/web/filters/CFilter.php(40): CFilterChain->run()
#11 /data/www/yii/framework/web/CController.php(1148): CAccessControlFilter->filter()
#12 /data/www/yii/framework/web/filters/CInlineFilter.php(58): VendaController->filterAccessControl()
#13 /data/www/yii/framework/web/filters/CFilterChain.php(131): CInlineFilter->filter()
#14 /data/www/yii/framework/web/CController.php(291): CFilterChain->run()
#15 /data/www/yii/framework/web/CController.php(265): VendaController->runActionWithFilters()
#16 /data/www/yii/framework/web/CWebApplication.php(282): VendaController->run()
#17 /data/www/yii/framework/web/CWebApplication.php(141): CWebApplication->runController()
#18 /data/www/yii/framework/base/CApplication.php(185): CWebApplication->processRequest()
#19 /data/www/pdv/index.php(17): CWebApplication->run()
REQUEST_URI=/pdv/index.php?r=venda/create
in /data/www/pdv/protected/views/venda/_form.php (103)
in /data/www/pdv/protected/views/venda/create.php (18)
in /data/www/pdv/protected/controllers/VendaController.php (81)
2019/02/22 16:03:07 [error] [php] Trying to get property 'idproduto' of non-object (/data/www/pdv/protected/views/venda/_form.php:132)
Stack trace:
#0 /data/www/yii/framework/web/CController.php(872): VendaController->renderFile()
#1 /data/www/pdv/protected/views/venda/create.php(18): VendaController->renderPartial()
#2 /data/www/yii/framework/web/CBaseController.php(126): require()
#3 /data/www/yii/framework/web/CBaseController.php(95): VendaController->renderInternal()
#4 /data/www/yii/framework/web/CController.php(872): VendaController->renderFile()
#5 /data/www/yii/framework/web/CController.php(785): VendaController->renderPartial()
#6 /data/www/pdv/protected/controllers/VendaController.php(81): VendaController->render()
#7 /data/www/yii/framework/web/actions/CInlineAction.php(49): VendaController->actionCreate()
#8 /data/www/yii/framework/web/CController.php(308): CInlineAction->runWithParams()
#9 /data/www/yii/framework/web/filters/CFilterChain.php(134): VendaController->runAction()
#10 /data/www/yii/framework/web/filters/CFilter.php(40): CFilterChain->run()
#11 /data/www/yii/framework/web/CController.php(1148): CAccessControlFilter->filter()
#12 /data/www/yii/framework/web/filters/CInlineFilter.php(58): VendaController->filterAccessControl()
#13 /data/www/yii/framework/web/filters/CFilterChain.php(131): CInlineFilter->filter()
#14 /data/www/yii/framework/web/CController.php(291): CFilterChain->run()
#15 /data/www/yii/framework/web/CController.php(265): VendaController->runActionWithFilters()
#16 /data/www/yii/framework/web/CWebApplication.php(282): VendaController->run()
#17 /data/www/yii/framework/web/CWebApplication.php(141): CWebApplication->runController()
#18 /data/www/yii/framework/base/CApplication.php(185): CWebApplication->processRequest()
#19 /data/www/pdv/index.php(17): CWebApplication->run()
REQUEST_URI=/pdv/index.php?r=venda/create
in /data/www/pdv/protected/views/venda/_form.php (132)
in /data/www/pdv/protected/views/venda/create.php (18)
in /data/www/pdv/protected/controllers/VendaController.php (81)
2019/02/22 16:04:19 [error] [php] Trying to get property 'idproduto' of non-object (/data/www/pdv/protected/views/venda/_form.php:134)
Stack trace:
#0 /data/www/yii/framework/web/CController.php(872): VendaController->renderFile()
#1 /data/www/pdv/protected/views/venda/create.php(18): VendaController->renderPartial()
#2 /data/www/yii/framework/web/CBaseController.php(126): require()
#3 /data/www/yii/framework/web/CBaseController.php(95): VendaController->renderInternal()
#4 /data/www/yii/framework/web/CController.php(872): VendaController->renderFile()
#5 /data/www/yii/framework/web/CController.php(785): VendaController->renderPartial()
#6 /data/www/pdv/protected/controllers/VendaController.php(81): VendaController->render()
#7 /data/www/yii/framework/web/actions/CInlineAction.php(49): VendaController->actionCreate()
#8 /data/www/yii/framework/web/CController.php(308): CInlineAction->runWithParams()
#9 /data/www/yii/framework/web/filters/CFilterChain.php(134): VendaController->runAction()
#10 /data/www/yii/framework/web/filters/CFilter.php(40): CFilterChain->run()
#11 /data/www/yii/framework/web/CController.php(1148): CAccessControlFilter->filter()
#12 /data/www/yii/framework/web/filters/CInlineFilter.php(58): VendaController->filterAccessControl()
#13 /data/www/yii/framework/web/filters/CFilterChain.php(131): CInlineFilter->filter()
#14 /data/www/yii/framework/web/CController.php(291): CFilterChain->run()
#15 /data/www/yii/framework/web/CController.php(265): VendaController->runActionWithFilters()
#16 /data/www/yii/framework/web/CWebApplication.php(282): VendaController->run()
#17 /data/www/yii/framework/web/CWebApplication.php(141): CWebApplication->runController()
#18 /data/www/yii/framework/base/CApplication.php(185): CWebApplication->processRequest()
#19 /data/www/pdv/index.php(17): CWebApplication->run()
REQUEST_URI=/pdv/index.php?r=venda/create
in /data/www/pdv/protected/views/venda/_form.php (134)
in /data/www/pdv/protected/views/venda/create.php (18)
in /data/www/pdv/protected/controllers/VendaController.php (81)
2019/02/22 16:04:25 [error] [php] Trying to get property 'idproduto' of non-object (/data/www/pdv/protected/views/venda/_form.php:134)
Stack trace:
#0 /data/www/yii/framework/web/CController.php(872): VendaController->renderFile()
#1 /data/www/pdv/protected/views/venda/create.php(18): VendaController->renderPartial()
#2 /data/www/yii/framework/web/CBaseController.php(126): require()
#3 /data/www/yii/framework/web/CBaseController.php(95): VendaController->renderInternal()
#4 /data/www/yii/framework/web/CController.php(872): VendaController->renderFile()
#5 /data/www/yii/framework/web/CController.php(785): VendaController->renderPartial()
#6 /data/www/pdv/protected/controllers/VendaController.php(81): VendaController->render()
#7 /data/www/yii/framework/web/actions/CInlineAction.php(49): VendaController->actionCreate()
#8 /data/www/yii/framework/web/CController.php(308): CInlineAction->runWithParams()
#9 /data/www/yii/framework/web/filters/CFilterChain.php(134): VendaController->runAction()
#10 /data/www/yii/framework/web/filters/CFilter.php(40): CFilterChain->run()
#11 /data/www/yii/framework/web/CController.php(1148): CAccessControlFilter->filter()
#12 /data/www/yii/framework/web/filters/CInlineFilter.php(58): VendaController->filterAccessControl()
#13 /data/www/yii/framework/web/filters/CFilterChain.php(131): CInlineFilter->filter()
#14 /data/www/yii/framework/web/CController.php(291): CFilterChain->run()
#15 /data/www/yii/framework/web/CController.php(265): VendaController->runActionWithFilters()
#16 /data/www/yii/framework/web/CWebApplication.php(282): VendaController->run()
#17 /data/www/yii/framework/web/CWebApplication.php(141): CWebApplication->runController()
#18 /data/www/yii/framework/base/CApplication.php(185): CWebApplication->processRequest()
#19 /data/www/pdv/index.php(17): CWebApplication->run()
REQUEST_URI=/pdv/index.php?r=venda/create
in /data/www/pdv/protected/views/venda/_form.php (134)
in /data/www/pdv/protected/views/venda/create.php (18)
in /data/www/pdv/protected/controllers/VendaController.php (81)
2019/02/22 16:07:46 [error] [php] Trying to get property 'idproduto' of non-object (/data/www/pdv/protected/views/venda/_form.php:130)
Stack trace:
#0 /data/www/yii/framework/web/CController.php(872): VendaController->renderFile()
#1 /data/www/pdv/protected/views/venda/create.php(18): VendaController->renderPartial()
#2 /data/www/yii/framework/web/CBaseController.php(126): require()
#3 /data/www/yii/framework/web/CBaseController.php(95): VendaController->renderInternal()
#4 /data/www/yii/framework/web/CController.php(872): VendaController->renderFile()
#5 /data/www/yii/framework/web/CController.php(785): VendaController->renderPartial()
#6 /data/www/pdv/protected/controllers/VendaController.php(81): VendaController->render()
#7 /data/www/yii/framework/web/actions/CInlineAction.php(49): VendaController->actionCreate()
#8 /data/www/yii/framework/web/CController.php(308): CInlineAction->runWithParams()
#9 /data/www/yii/framework/web/filters/CFilterChain.php(134): VendaController->runAction()
#10 /data/www/yii/framework/web/filters/CFilter.php(40): CFilterChain->run()
#11 /data/www/yii/framework/web/CController.php(1148): CAccessControlFilter->filter()
#12 /data/www/yii/framework/web/filters/CInlineFilter.php(58): VendaController->filterAccessControl()
#13 /data/www/yii/framework/web/filters/CFilterChain.php(131): CInlineFilter->filter()
#14 /data/www/yii/framework/web/CController.php(291): CFilterChain->run()
#15 /data/www/yii/framework/web/CController.php(265): VendaController->runActionWithFilters()
#16 /data/www/yii/framework/web/CWebApplication.php(282): VendaController->run()
#17 /data/www/yii/framework/web/CWebApplication.php(141): CWebApplication->runController()
#18 /data/www/yii/framework/base/CApplication.php(185): CWebApplication->processRequest()
#19 /data/www/pdv/index.php(17): CWebApplication->run()
REQUEST_URI=/pdv/index.php?r=venda/create
in /data/www/pdv/protected/views/venda/_form.php (130)
in /data/www/pdv/protected/views/venda/create.php (18)
in /data/www/pdv/protected/controllers/VendaController.php (81)
2019/02/25 13:09:12 [error] [exception.CHttpException.404] CHttpException: Unable to resolve the request "ven,da/create". in /data/www/yii/framework/web/CWebApplication.php:286
Stack trace:
#0 /data/www/yii/framework/web/CWebApplication.php(141): CWebApplication->runController('ven,da/create')
#1 /data/www/yii/framework/base/CApplication.php(185): CWebApplication->processRequest()
#2 /data/www/pdv/index.php(17): CApplication->run()
#3 {main}
REQUEST_URI=/pdv/index.php?r=ven,da/create
---
